[0.390s] Invoking command in '/src/my_package': PYTHONPATH=/src/my_package/build/my_package/prefix_override:/src/my_package/install/my_package/lib/python3.10/site-packages:${PYTHONPATH} /usr/bin/python3 setup.py egg_info --egg-base build/my_package build --build-base /src/my_package/build/my_package/build install --record /src/my_package/build/my_package/install.log --single-version-externally-managed
[0.546s] running egg_info
[0.547s] writing build/my_package/my_package.egg-info/PKG-INFO
[0.547s] writing dependency_links to build/my_package/my_package.egg-info/dependency_links.txt
[0.547s] writing entry points to build/my_package/my_package.egg-info/entry_points.txt
[0.548s] writing requirements to build/my_package/my_package.egg-info/requires.txt
[0.548s] writing top-level names to build/my_package/my_package.egg-info/top_level.txt
[0.550s] reading manifest file 'build/my_package/my_package.egg-info/SOURCES.txt'
[0.550s] adding license file 'LICENSE'
[0.551s] writing manifest file 'build/my_package/my_package.egg-info/SOURCES.txt'
[0.551s] running build
[0.551s] running build_py
[0.551s] running install
[0.552s] running install_lib
[0.553s] running install_data
[0.554s] copying worlds/my_world.wbt -> /src/my_package/install/my_package/share/my_package/worlds
[0.554s] creating /src/my_package/install/my_package/share/my_package/resource
[0.554s] copying resource/my_robot.urdf -> /src/my_package/install/my_package/share/my_package/resource
[0.554s] copying package.xml -> /src/my_package/install/my_package/share/my_package
[0.554s] running install_egg_info
[0.557s] Copying build/my_package/my_package.egg-info to /src/my_package/install/my_package/lib/python3.10/site-packages/my_package-0.0.0-py3.10.egg-info
[0.557s] running install_scripts
[0.582s] Installing my_robot_driver script to /src/my_package/install/my_package/lib/my_package
[0.582s] writing list of installed files to '/src/my_package/build/my_package/install.log'
[0.598s] Invoked command in '/src/my_package' returned '0': PYTHONPATH=/src/my_package/build/my_package/prefix_override:/src/my_package/install/my_package/lib/python3.10/site-packages:${PYTHONPATH} /usr/bin/python3 setup.py egg_info --egg-base build/my_package build --build-base /src/my_package/build/my_package/build install --record /src/my_package/build/my_package/install.log --single-version-externally-managed
