running egg_info
creating build/my_package/my_package.egg-info
writing build/my_package/my_package.egg-info/PKG-INFO
writing dependency_links to build/my_package/my_package.egg-info/dependency_links.txt
writing entry points to build/my_package/my_package.egg-info/entry_points.txt
writing requirements to build/my_package/my_package.egg-info/requires.txt
writing top-level names to build/my_package/my_package.egg-info/top_level.txt
writing manifest file 'build/my_package/my_package.egg-info/SOURCES.txt'
reading manifest file 'build/my_package/my_package.egg-info/SOURCES.txt'
adding license file 'LICENSE'
writing manifest file 'build/my_package/my_package.egg-info/SOURCES.txt'
running build
running build_py
creating /src/my_package/build/my_package/build
creating /src/my_package/build/my_package/build/lib
creating /src/my_package/build/my_package/build/lib/my_package
copying my_package/__init__.py -> /src/my_package/build/my_package/build/lib/my_package
copying my_package/my_robot_driver.py -> /src/my_package/build/my_package/build/lib/my_package
running install
running install_lib
creating /src/my_package/install/my_package/lib/python3.10/site-packages/my_package
copying /src/my_package/build/my_package/build/lib/my_package/__init__.py -> /src/my_package/install/my_package/lib/python3.10/site-packages/my_package
copying /src/my_package/build/my_package/build/lib/my_package/my_robot_driver.py -> /src/my_package/install/my_package/lib/python3.10/site-packages/my_package
byte-compiling /src/my_package/install/my_package/lib/python3.10/site-packages/my_package/__init__.py to __init__.cpython-310.pyc
byte-compiling /src/my_package/install/my_package/lib/python3.10/site-packages/my_package/my_robot_driver.py to my_robot_driver.cpython-310.pyc
running install_data
creating /src/my_package/install/my_package/share/ament_index
creating /src/my_package/install/my_package/share/ament_index/resource_index
creating /src/my_package/install/my_package/share/ament_index/resource_index/packages
copying resource/my_package -> /src/my_package/install/my_package/share/ament_index/resource_index/packages
creating /src/my_package/install/my_package/share/my_package/launch
copying launch/robot_launch.py -> /src/my_package/install/my_package/share/my_package/launch
creating /src/my_package/install/my_package/share/my_package/worlds
error: can't copy 'worlds/my_world.wbt': doesn't exist or not a regular file
